#
# There is insufficient memory for the Java Runtime Environment to continue.
# Native memory allocation (malloc) failed to allocate 32744 bytes for ChunkPool::allocate
# Possible reasons:
#   The system is out of physical RAM or swap space
#   The process is running with CompressedOops enabled, and the Java Heap may be blocking the growth of the native heap
# Possible solutions:
#   Reduce memory load on the system
#   Increase physical memory or swap space
#   Check if swap backing store is full
#   Decrease Java heap size (-Xmx/-Xms)
#   Decrease number of Java threads
#   Decrease Java thread stack sizes (-Xss)
#   Set larger code cache with -XX:ReservedCodeCacheSize=
#   JVM is running with Unscaled Compressed Oops mode in which the Java heap is
#     placed in the first 4GB address space. The Java Heap base address is the
#     maximum limit for the native heap growth. Please use -XX:HeapBaseMinAddress
#     to set the Java Heap base and to place the Java Heap above 4GB virtual address.
# This output file may be truncated or incomplete.
#
#  Out of Memory Error (./open/src/hotspot/share/memory/arena.cpp:81), pid=12772, tid=17368
#
# JRE version: Java(TM) SE Runtime Environment 18.9 (11.0.9+7) (build 11.0.9+7-LTS)
# Java VM: Java HotSpot(TM) 64-Bit Server VM 18.9 (11.0.9+7-LTS, mixed mode, tiered, compressed oops, g1 gc, windows-amd64)
# No core dump will be written. Minidumps are not enabled by default on client versions of Windows
#

---------------  S U M M A R Y ------------

Command Line: -Dfile.encoding=UTF-8 com.example.QuestionTwo.QuestionTwoApplication

Host: Intel(R) Core(TM) i7-6700HQ CPU @ 2.60GHz, 8 cores, 7G,  Windows 10 , 64 bit Build 19041 (10.0.19041.1348)
Time: Wed Jan 12 12:35:47 2022 Malay Peninsula Standard Time elapsed time: 4.615579 seconds (0d 0h 0m 4s)

---------------  T H R E A D  ---------------

Current thread (0x0000013f7ab6c800):  JavaThread "C1 CompilerThread0" daemon [_thread_in_vm, id=17368, stack(0x000000346a500000,0x000000346a600000)]


Current CompileTask:
C1:   4615 3655       3       java.lang.CompoundEnumeration::next (58 bytes)

Stack: [0x000000346a500000,0x000000346a600000]
Native frames: (J=compiled Java code, j=interpreted, Vv=VM code, C=native code)
V  [jvm.dll+0x611a3a]
V  [jvm.dll+0x748aaf]
V  [jvm.dll+0x74a135]
V  [jvm.dll+0x74a7b3]
V  [jvm.dll+0x2439f8]
V  [jvm.dll+0xba65b]
V  [jvm.dll+0xba9bc]
V  [jvm.dll+0x32eb6a]
V  [jvm.dll+0x1ab555]
V  [jvm.dll+0x199c1c]
V  [jvm.dll+0x20bb07]
V  [jvm.dll+0x209d2b]
V  [jvm.dll+0x7103d9]
V  [jvm.dll+0x709114]
V  [jvm.dll+0x610cb6]
C  [ucrtbase.dll+0x21bb2]
C  [KERNEL32.DLL+0x17034]
C  [ntdll.dll+0x52651]


---------------  P R O C E S S  ---------------

Threads class SMR info:
_java_thread_list=0x0000013f0176a000, length=17, elements={
0x0000013f5be80000, 0x0000013f7ab4c000, 0x0000013f7ab55800, 0x0000013f7b4c2800,
0x0000013f7ab5e800, 0x0000013f7ab5f800, 0x0000013f7ab6c800, 0x0000013f7ab73800,
0x0000013f7b634800, 0x0000013f7b637000, 0x0000013f7b638800, 0x0000013f7d12e000,
0x0000013f00b9f000, 0x0000013f7c4d7800, 0x0000013f7c9e0000, 0x0000013f0024e000,
0x0000013f7e011000
}

Java Threads: ( => current thread )
  0x0000013f5be80000 JavaThread "main" [_thread_in_vm, id=13032, stack(0x0000003469900000,0x0000003469a00000)]
  0x0000013f7ab4c000 JavaThread "Reference Handler" daemon [_thread_blocked, id=7248, stack(0x000000346a000000,0x000000346a100000)]
  0x0000013f7ab55800 JavaThread "Finalizer" daemon [_thread_blocked, id=11136, stack(0x000000346a100000,0x000000346a200000)]
  0x0000013f7b4c2800 JavaThread "Signal Dispatcher" daemon [_thread_blocked, id=8880, stack(0x000000346a200000,0x000000346a300000)]
  0x0000013f7ab5e800 JavaThread "Attach Listener" daemon [_thread_blocked, id=12668, stack(0x000000346a300000,0x000000346a400000)]
  0x0000013f7ab5f800 JavaThread "C2 CompilerThread0" daemon [_thread_in_native, id=8872, stack(0x000000346a400000,0x000000346a500000)]
=>0x0000013f7ab6c800 JavaThread "C1 CompilerThread0" daemon [_thread_in_vm, id=17368, stack(0x000000346a500000,0x000000346a600000)]
  0x0000013f7ab73800 JavaThread "Sweeper thread" daemon [_thread_blocked, id=13120, stack(0x000000346a600000,0x000000346a700000)]
  0x0000013f7b634800 JavaThread "Service Thread" daemon [_thread_blocked, id=4056, stack(0x000000346a700000,0x000000346a800000)]
  0x0000013f7b637000 JavaThread "Common-Cleaner" daemon [_thread_blocked, id=2272, stack(0x000000346a900000,0x000000346aa00000)]
  0x0000013f7b638800 JavaThread "C2 CompilerThread1" daemon [_thread_in_native, id=12984, stack(0x000000346aa00000,0x000000346ab00000)]
  0x0000013f7d12e000 JavaThread "C2 CompilerThread2" daemon [_thread_in_native, id=7364, stack(0x000000346ad00000,0x000000346ae00000)]
  0x0000013f00b9f000 JavaThread "HikariPool-1 housekeeper" daemon [_thread_blocked, id=16884, stack(0x000000346b000000,0x000000346b100000)]
  0x0000013f7c4d7800 JavaThread "Catalina-utility-1" [_thread_blocked, id=17000, stack(0x000000346b100000,0x000000346b200000)]
  0x0000013f7c9e0000 JavaThread "Catalina-utility-2" [_thread_blocked, id=8928, stack(0x000000346b200000,0x000000346b300000)]
  0x0000013f0024e000 JavaThread "container-0" [_thread_blocked, id=11784, stack(0x000000346b300000,0x000000346b400000)]
  0x0000013f7e011000 JavaThread "HikariPool-1 connection adder" daemon [_thread_blocked, id=3968, stack(0x000000346b400000,0x000000346b500000)]

Other Threads:
  0x0000013f7ab48800 VMThread "VM Thread" [stack: 0x0000003469f00000,0x000000346a000000] [id=7980]
  0x0000013f7b639800 WatcherThread [stack: 0x000000346a800000,0x000000346a900000] [id=5420]
  0x0000013f5be96800 GCTaskThread "GC Thread#0" [stack: 0x0000003469a00000,0x0000003469b00000] [id=2580]
  0x0000013f7c365000 GCTaskThread "GC Thread#1" [stack: 0x000000346ab00000,0x000000346ac00000] [id=7824]
  0x0000013f7c368800 GCTaskThread "GC Thread#2" [stack: 0x000000346ac00000,0x000000346ad00000] [id=16544]
  0x0000013f7c362000 GCTaskThread "GC Thread#3" [stack: 0x000000346ae00000,0x000000346af00000] [id=8600]
  0x0000013f5bec7800 ConcurrentGCThread "G1 Main Marker" [stack: 0x0000003469b00000,0x0000003469c00000] [id=1884]
  0x0000013f5becc800 ConcurrentGCThread "G1 Conc#0" [stack: 0x0000003469c00000,0x0000003469d00000] [id=14648]
  0x0000013f7c363800 ConcurrentGCThread "G1 Conc#1" [stack: 0x000000346af00000,0x000000346b000000] [id=15248]
  0x0000013f7a990800 ConcurrentGCThread "G1 Refine#0" [stack: 0x0000003469d00000,0x0000003469e00000] [id=17232]
  0x0000013f7a991800 ConcurrentGCThread "G1 Young RemSet Sampling" [stack: 0x0000003469e00000,0x0000003469f00000] [id=6596]

Threads with active compile tasks:
C2 CompilerThread0   4666 3579       4       java.lang.ClassLoader::loadClass (7 bytes)
C1 CompilerThread0   4666 3655       3       java.lang.CompoundEnumeration::next (58 bytes)
C2 CompilerThread1   4666 3653       4       org.springframework.core.annotation.TypeMappedAnnotations$MergedAnnotationFinder::doWithAnnotations (75 bytes)
C2 CompilerThread2   4666 3587       4       jdk.internal.loader.ClassLoaders$AppClassLoader::loadClass (40 bytes)

VM state:not at safepoint (normal execution)

VM Mutex/Monitor currently owned by a thread: None

Heap address: 0x0000000082000000, size: 2016 MB, Compressed Oops mode: 32-bit
Narrow klass base: 0x0000000000000000, Narrow klass shift: 3
Compressed class space size: 1073741824 Address: 0x0000000100000000

Heap:
 garbage-first heap   total 155648K, used 96471K [0x0000000082000000, 0x0000000100000000)
  region size 1024K, 88 young (90112K), 7 survivors (7168K)
 Metaspace       used 49481K, capacity 50628K, committed 50816K, reserved 1093632K
  class space    used 6065K, capacity 6522K, committed 6528K, reserved 1048576K
Heap Regions: E=young(eden), S=young(survivor), O=old, HS=humongous(starts), HC=humongous(continues), CS=collection set, F=free, A=archive, TAMS=top-at-mark-start (previous, next)
|   0|0x0000000082000000, 0x0000000082100000, 0x0000000082100000|100%|HS|  |TAMS 0x0000000082100000, 0x0000000082000000| Complete 
|   1|0x0000000082100000, 0x0000000082200000, 0x0000000082200000|100%| O|  |TAMS 0x0000000082200000, 0x0000000082100000| Untracked 
|   2|0x0000000082200000, 0x0000000082300000, 0x0000000082300000|100%| O|  |TAMS 0x0000000082300000, 0x0000000082200000| Untracked 
|   3|0x0000000082300000, 0x0000000082400000, 0x0000000082400000|100%| O|  |TAMS 0x0000000082400000, 0x0000000082300000| Untracked 
|   4|0x0000000082400000, 0x0000000082500000, 0x0000000082500000|100%| O|  |TAMS 0x0000000082500000, 0x0000000082400000| Untracked 
|   5|0x0000000082500000, 0x0000000082600000, 0x0000000082600000|100%| O|  |TAMS 0x0000000082600000, 0x0000000082500000| Untracked 
|   6|0x0000000082600000, 0x0000000082700000, 0x0000000082700000|100%| O|  |TAMS 0x0000000082700000, 0x0000000082600000| Untracked 
|   7|0x0000000082700000, 0x00000000827cf800, 0x0000000082800000| 81%| O|  |TAMS 0x00000000827cf800, 0x0000000082700000| Untracked 
|   8|0x0000000082800000, 0x0000000082800000, 0x0000000082900000|  0%| F|  |TAMS 0x0000000082800000, 0x0000000082800000| Untracked 
|   9|0x0000000082900000, 0x0000000082900000, 0x0000000082a00000|  0%| F|  |TAMS 0x0000000082900000, 0x0000000082900000| Untracked 
|  10|0x0000000082a00000, 0x0000000082a00000, 0x0000000082b00000|  0%| F|  |TAMS 0x0000000082a00000, 0x0000000082a00000| Untracked 
|  11|0x0000000082b00000, 0x0000000082b00000, 0x0000000082c00000|  0%| F|  |TAMS 0x0000000082b00000, 0x0000000082b00000| Untracked 
|  12|0x0000000082c00000, 0x0000000082c00000, 0x0000000082d00000|  0%| F|  |TAMS 0x0000000082c00000, 0x0000000082c00000| Untracked 
|  13|0x0000000082d00000, 0x0000000082d00000, 0x0000000082e00000|  0%| F|  |TAMS 0x0000000082d00000, 0x0000000082d00000| Untracked 
|  14|0x0000000082e00000, 0x0000000082e00000, 0x0000000082f00000|  0%| F|  |TAMS 0x0000000082e00000, 0x0000000082e00000| Untracked 
|  15|0x0000000082f00000, 0x0000000082f00000, 0x0000000083000000|  0%| F|  |TAMS 0x0000000082f00000, 0x0000000082f00000| Untracked 
|  16|0x0000000083000000, 0x0000000083000000, 0x0000000083100000|  0%| F|  |TAMS 0x0000000083000000, 0x0000000083000000| Untracked 
|  17|0x0000000083100000, 0x0000000083100000, 0x0000000083200000|  0%| F|  |TAMS 0x0000000083100000, 0x0000000083100000| Untracked 
|  18|0x0000000083200000, 0x0000000083200000, 0x0000000083300000|  0%| F|  |TAMS 0x0000000083200000, 0x0000000083200000| Untracked 
|  19|0x0000000083300000, 0x0000000083300000, 0x0000000083400000|  0%| F|  |TAMS 0x0000000083300000, 0x0000000083300000| Untracked 
|  20|0x0000000083400000, 0x0000000083400000, 0x0000000083500000|  0%| F|  |TAMS 0x0000000083400000, 0x0000000083400000| Untracked 
|  21|0x0000000083500000, 0x0000000083500000, 0x0000000083600000|  0%| F|  |TAMS 0x0000000083500000, 0x0000000083500000| Untracked 
|  22|0x0000000083600000, 0x0000000083600000, 0x0000000083700000|  0%| F|  |TAMS 0x0000000083600000, 0x0000000083600000| Untracked 
|  23|0x0000000083700000, 0x0000000083700000, 0x0000000083800000|  0%| F|  |TAMS 0x0000000083700000, 0x0000000083700000| Untracked 
|  24|0x0000000083800000, 0x0000000083800000, 0x0000000083900000|  0%| F|  |TAMS 0x0000000083800000, 0x0000000083800000| Untracked 
|  25|0x0000000083900000, 0x0000000083900000, 0x0000000083a00000|  0%| F|  |TAMS 0x0000000083900000, 0x0000000083900000| Untracked 
|  26|0x0000000083a00000, 0x0000000083a00000, 0x0000000083b00000|  0%| F|  |TAMS 0x0000000083a00000, 0x0000000083a00000| Untracked 
|  27|0x0000000083b00000, 0x0000000083b00000, 0x0000000083c00000|  0%| F|  |TAMS 0x0000000083b00000, 0x0000000083b00000| Untracked 
|  28|0x0000000083c00000, 0x0000000083c00000, 0x0000000083d00000|  0%| F|  |TAMS 0x0000000083c00000, 0x0000000083c00000| Untracked 
|  29|0x0000000083d00000, 0x0000000083d00000, 0x0000000083e00000|  0%| F|  |TAMS 0x0000000083d00000, 0x0000000083d00000| Untracked 
|  30|0x0000000083e00000, 0x0000000083e00000, 0x0000000083f00000|  0%| F|  |TAMS 0x0000000083e00000, 0x0000000083e00000| Untracked 
|  31|0x0000000083f00000, 0x0000000083f00000, 0x0000000084000000|  0%| F|  |TAMS 0x0000000083f00000, 0x0000000083f00000| Untracked 
|  32|0x0000000084000000, 0x0000000084000000, 0x0000000084100000|  0%| F|  |TAMS 0x0000000084000000, 0x0000000084000000| Untracked 
|  33|0x0000000084100000, 0x0000000084100000, 0x0000000084200000|  0%| F|  |TAMS 0x0000000084100000, 0x0000000084100000| Untracked 
|  34|0x0000000084200000, 0x0000000084200000, 0x0000000084300000|  0%| F|  |TAMS 0x0000000084200000, 0x0000000084200000| Untracked 
|  35|0x0000000084300000, 0x0000000084300000, 0x0000000084400000|  0%| F|  |TAMS 0x0000000084300000, 0x0000000084300000| Untracked 
|  36|0x0000000084400000, 0x0000000084400000, 0x0000000084500000|  0%| F|  |TAMS 0x0000000084400000, 0x0000000084400000| Untracked 
|  37|0x0000000084500000, 0x0000000084500000, 0x0000000084600000|  0%| F|  |TAMS 0x0000000084500000, 0x0000000084500000| Untracked 
|  38|0x0000000084600000, 0x0000000084600000, 0x0000000084700000|  0%| F|  |TAMS 0x0000000084600000, 0x0000000084600000| Untracked 
|  39|0x0000000084700000, 0x0000000084700000, 0x0000000084800000|  0%| F|  |TAMS 0x0000000084700000, 0x0000000084700000| Untracked 
|  40|0x0000000084800000, 0x0000000084800000, 0x0000000084900000|  0%| F|  |TAMS 0x0000000084800000, 0x0000000084800000| Untracked 
|  41|0x0000000084900000, 0x0000000084900000, 0x0000000084a00000|  0%| F|  |TAMS 0x0000000084900000, 0x0000000084900000| Untracked 
|  42|0x0000000084a00000, 0x0000000084a00000, 0x0000000084b00000|  0%| F|  |TAMS 0x0000000084a00000, 0x0000000084a00000| Untracked 
|  43|0x0000000084b00000, 0x0000000084b00000, 0x0000000084c00000|  0%| F|  |TAMS 0x0000000084b00000, 0x0000000084b00000| Untracked 
|  44|0x0000000084c00000, 0x0000000084c00000, 0x0000000084d00000|  0%| F|  |TAMS 0x0000000084c00000, 0x0000000084c00000| Untracked 
|  45|0x0000000084d00000, 0x0000000084d00000, 0x0000000084e00000|  0%| F|  |TAMS 0x0000000084d00000, 0x0000000084d00000| Untracked 
|  46|0x0000000084e00000, 0x0000000084e00000, 0x0000000084f00000|  0%| F|  |TAMS 0x0000000084e00000, 0x0000000084e00000| Untracked 
|  47|0x0000000084f00000, 0x0000000084f00000, 0x0000000085000000|  0%| F|  |TAMS 0x0000000084f00000, 0x0000000084f00000| Untracked 
|  48|0x0000000085000000, 0x0000000085000000, 0x0000000085100000|  0%| F|  |TAMS 0x0000000085000000, 0x0000000085000000| Untracked 
|  49|0x0000000085100000, 0x0000000085100000, 0x0000000085200000|  0%| F|  |TAMS 0x0000000085100000, 0x0000000085100000| Untracked 
|  50|0x0000000085200000, 0x0000000085200000, 0x0000000085300000|  0%| F|  |TAMS 0x0000000085200000, 0x0000000085200000| Untracked 
|  51|0x0000000085300000, 0x0000000085300000, 0x0000000085400000|  0%| F|  |TAMS 0x0000000085300000, 0x0000000085300000| Untracked 
|  52|0x0000000085400000, 0x0000000085400000, 0x0000000085500000|  0%| F|  |TAMS 0x0000000085400000, 0x0000000085400000| Untracked 
|  53|0x0000000085500000, 0x0000000085500000, 0x0000000085600000|  0%| F|  |TAMS 0x0000000085500000, 0x0000000085500000| Untracked 
|  54|0x0000000085600000, 0x0000000085600000, 0x0000000085700000|  0%| F|  |TAMS 0x0000000085600000, 0x0000000085600000| Untracked 
|  55|0x0000000085700000, 0x0000000085700000, 0x0000000085800000|  0%| F|  |TAMS 0x0000000085700000, 0x0000000085700000| Untracked 
|  56|0x0000000085800000, 0x0000000085800000, 0x0000000085900000|  0%| F|  |TAMS 0x0000000085800000, 0x0000000085800000| Untracked 
|  57|0x0000000085900000, 0x0000000085900000, 0x0000000085a00000|  0%| F|  |TAMS 0x0000000085900000, 0x0000000085900000| Untracked 
|  58|0x0000000085a00000, 0x0000000085a00000, 0x0000000085b00000|  0%| F|  |TAMS 0x0000000085a00000, 0x0000000085a00000| Untracked 
|  59|0x0000000085b00000, 0x0000000085b00000, 0x0000000085c00000|  0%| F|  |TAMS 0x0000000085b00000, 0x0000000085b00000| Untracked 
|  60|0x0000000085c00000, 0x0000000085c00000, 0x0000000085d00000|  0%| F|  |TAMS 0x0000000085c00000, 0x0000000085c00000| Untracked 
|  61|0x0000000085d00000, 0x0000000085d00000, 0x0000000085e00000|  0%| F|  |TAMS 0x0000000085d00000, 0x0000000085d00000| Untracked 
|  62|0x0000000085e00000, 0x0000000085e00000, 0x0000000085f00000|  0%| F|  |TAMS 0x0000000085e00000, 0x0000000085e00000| Untracked 
|  63|0x0000000085f00000, 0x0000000085f00000, 0x0000000086000000|  0%| F|  |TAMS 0x0000000085f00000, 0x0000000085f00000| Untracked 
|  64|0x0000000086000000, 0x0000000086081070, 0x0000000086100000| 50%| E|  |TAMS 0x0000000086000000, 0x0000000086000000| Complete 
|  65|0x0000000086100000, 0x0000000086200000, 0x0000000086200000|100%| E|CS|TAMS 0x0000000086100000, 0x0000000086100000| Complete 
|  66|0x0000000086200000, 0x0000000086300000, 0x0000000086300000|100%| E|CS|TAMS 0x0000000086200000, 0x0000000086200000| Complete 
|  67|0x0000000086300000, 0x0000000086400000, 0x0000000086400000|100%| E|CS|TAMS 0x0000000086300000, 0x0000000086300000| Complete 
|  68|0x0000000086400000, 0x0000000086500000, 0x0000000086500000|100%| E|CS|TAMS 0x0000000086400000, 0x0000000086400000| Complete 
|  69|0x0000000086500000, 0x0000000086600000, 0x0000000086600000|100%| E|CS|TAMS 0x0000000086500000, 0x0000000086500000| Complete 
|  70|0x0000000086600000, 0x0000000086700000, 0x0000000086700000|100%| E|CS|TAMS 0x0000000086600000, 0x0000000086600000| Complete 
|  71|0x0000000086700000, 0x0000000086800000, 0x0000000086800000|100%| E|CS|TAMS 0x0000000086700000, 0x0000000086700000| Complete 
|  72|0x0000000086800000, 0x0000000086900000, 0x0000000086900000|100%| E|CS|TAMS 0x0000000086800000, 0x0000000086800000| Complete 
|  73|0x0000000086900000, 0x0000000086a00000, 0x0000000086a00000|100%| E|CS|TAMS 0x0000000086900000, 0x0000000086900000| Complete 
|  74|0x0000000086a00000, 0x0000000086b00000, 0x0000000086b00000|100%| E|CS|TAMS 0x0000000086a00000, 0x0000000086a00000| Complete 
|  75|0x0000000086b00000, 0x0000000086c00000, 0x0000000086c00000|100%| E|CS|TAMS 0x0000000086b00000, 0x0000000086b00000| Complete 
|  76|0x0000000086c00000, 0x0000000086d00000, 0x0000000086d00000|100%| E|CS|TAMS 0x0000000086c00000, 0x0000000086c00000| Complete 
|  77|0x0000000086d00000, 0x0000000086e00000, 0x0000000086e00000|100%| E|CS|TAMS 0x0000000086d00000, 0x0000000086d00000| Complete 
|  78|0x0000000086e00000, 0x0000000086f00000, 0x0000000086f00000|100%| E|CS|TAMS 0x0000000086e00000, 0x0000000086e00000| Complete 
|  79|0x0000000086f00000, 0x0000000087000000, 0x0000000087000000|100%| E|CS|TAMS 0x0000000086f00000, 0x0000000086f00000| Complete 
|  80|0x0000000087000000, 0x0000000087100000, 0x0000000087100000|100%| E|CS|TAMS 0x0000000087000000, 0x0000000087000000| Complete 
|  81|0x0000000087100000, 0x0000000087200000, 0x0000000087200000|100%| E|CS|TAMS 0x0000000087100000, 0x0000000087100000| Complete 
|  82|0x0000000087200000, 0x0000000087300000, 0x0000000087300000|100%| E|CS|TAMS 0x0000000087200000, 0x0000000087200000| Complete 
|  83|0x0000000087300000, 0x0000000087400000, 0x0000000087400000|100%| E|CS|TAMS 0x0000000087300000, 0x0000000087300000| Complete 
|  84|0x0000000087400000, 0x0000000087500000, 0x0000000087500000|100%| E|CS|TAMS 0x0000000087400000, 0x0000000087400000| Complete 
|  85|0x0000000087500000, 0x0000000087600000, 0x0000000087600000|100%| E|CS|TAMS 0x0000000087500000, 0x0000000087500000| Complete 
|  86|0x0000000087600000, 0x0000000087700000, 0x0000000087700000|100%| E|CS|TAMS 0x0000000087600000, 0x0000000087600000| Complete 
|  87|0x0000000087700000, 0x0000000087800000, 0x0000000087800000|100%| E|CS|TAMS 0x0000000087700000, 0x0000000087700000| Complete 
|  88|0x0000000087800000, 0x0000000087900000, 0x0000000087900000|100%| E|CS|TAMS 0x0000000087800000, 0x0000000087800000| Complete 
|  89|0x0000000087900000, 0x0000000087a00000, 0x0000000087a00000|100%| E|CS|TAMS 0x0000000087900000, 0x0000000087900000| Complete 
|  90|0x0000000087a00000, 0x0000000087b00000, 0x0000000087b00000|100%| E|CS|TAMS 0x0000000087a00000, 0x0000000087a00000| Complete 
|  91|0x0000000087b00000, 0x0000000087c00000, 0x0000000087c00000|100%| E|CS|TAMS 0x0000000087b00000, 0x0000000087b00000| Complete 
|  92|0x0000000087c00000, 0x0000000087d00000, 0x0000000087d00000|100%| E|CS|TAMS 0x0000000087c00000, 0x0000000087c00000| Complete 
|  93|0x0000000087d00000, 0x0000000087e00000, 0x0000000087e00000|100%| E|CS|TAMS 0x0000000087d00000, 0x0000000087d00000| Complete 
|  94|0x0000000087e00000, 0x0000000087f00000, 0x0000000087f00000|100%| E|CS|TAMS 0x0000000087e00000, 0x0000000087e00000| Complete 
|  95|0x0000000087f00000, 0x0000000088000000, 0x0000000088000000|100%| E|CS|TAMS 0x0000000087f00000, 0x0000000087f00000| Complete 
|  96|0x0000000088000000, 0x0000000088100000, 0x0000000088100000|100%| E|CS|TAMS 0x0000000088000000, 0x0000000088000000| Complete 
|  97|0x0000000088100000, 0x0000000088200000, 0x0000000088200000|100%| E|CS|TAMS 0x0000000088100000, 0x0000000088100000| Complete 
|  98|0x0000000088200000, 0x0000000088300000, 0x0000000088300000|100%| E|CS|TAMS 0x0000000088200000, 0x0000000088200000| Complete 
|  99|0x0000000088300000, 0x0000000088400000, 0x0000000088400000|100%| E|CS|TAMS 0x0000000088300000, 0x0000000088300000| Complete 
| 100|0x0000000088400000, 0x0000000088500000, 0x0000000088500000|100%| E|CS|TAMS 0x0000000088400000, 0x0000000088400000| Complete 
| 101|0x0000000088500000, 0x0000000088600000, 0x0000000088600000|100%| E|CS|TAMS 0x0000000088500000, 0x0000000088500000| Complete 
| 102|0x0000000088600000, 0x0000000088700000, 0x0000000088700000|100%| E|CS|TAMS 0x0000000088600000, 0x0000000088600000| Complete 
| 103|0x0000000088700000, 0x0000000088800000, 0x0000000088800000|100%| E|CS|TAMS 0x0000000088700000, 0x0000000088700000| Complete 
| 104|0x0000000088800000, 0x0000000088900000, 0x0000000088900000|100%| E|CS|TAMS 0x0000000088800000, 0x0000000088800000| Complete 
| 105|0x0000000088900000, 0x0000000088a00000, 0x0000000088a00000|100%| E|CS|TAMS 0x0000000088900000, 0x0000000088900000| Complete 
| 106|0x0000000088a00000, 0x0000000088b00000, 0x0000000088b00000|100%| E|CS|TAMS 0x0000000088a00000, 0x0000000088a00000| Complete 
| 107|0x0000000088b00000, 0x0000000088c00000, 0x0000000088c00000|100%| E|CS|TAMS 0x0000000088b00000, 0x0000000088b00000| Complete 
| 108|0x0000000088c00000, 0x0000000088d00000, 0x0000000088d00000|100%| E|CS|TAMS 0x0000000088c00000, 0x0000000088c00000| Complete 
| 109|0x0000000088d00000, 0x0000000088e00000, 0x0000000088e00000|100%| E|CS|TAMS 0x0000000088d00000, 0x0000000088d00000| Complete 
| 110|0x0000000088e00000, 0x0000000088f00000, 0x0000000088f00000|100%| E|CS|TAMS 0x0000000088e00000, 0x0000000088e00000| Complete 
| 111|0x0000000088f00000, 0x0000000089000000, 0x0000000089000000|100%| E|CS|TAMS 0x0000000088f00000, 0x0000000088f00000| Complete 
| 112|0x0000000089000000, 0x0000000089100000, 0x0000000089100000|100%| E|CS|TAMS 0x0000000089000000, 0x0000000089000000| Complete 
| 113|0x0000000089100000, 0x0000000089200000, 0x0000000089200000|100%| E|CS|TAMS 0x0000000089100000, 0x0000000089100000| Complete 
| 114|0x0000000089200000, 0x0000000089300000, 0x0000000089300000|100%| E|CS|TAMS 0x0000000089200000, 0x0000000089200000| Complete 
| 115|0x0000000089300000, 0x0000000089400000, 0x0000000089400000|100%| E|CS|TAMS 0x0000000089300000, 0x0000000089300000| Complete 
| 116|0x0000000089400000, 0x0000000089500000, 0x0000000089500000|100%| E|CS|TAMS 0x0000000089400000, 0x0000000089400000| Complete 
| 117|0x0000000089500000, 0x0000000089600000, 0x0000000089600000|100%| E|CS|TAMS 0x0000000089500000, 0x0000000089500000| Complete 
| 118|0x0000000089600000, 0x0000000089700000, 0x0000000089700000|100%| E|CS|TAMS 0x0000000089600000, 0x0000000089600000| Complete 
| 119|0x0000000089700000, 0x0000000089800000, 0x0000000089800000|100%| E|CS|TAMS 0x0000000089700000, 0x0000000089700000| Complete 
| 120|0x0000000089800000, 0x0000000089900000, 0x0000000089900000|100%| E|CS|TAMS 0x0000000089800000, 0x0000000089800000| Complete 
| 121|0x0000000089900000, 0x0000000089a00000, 0x0000000089a00000|100%| E|CS|TAMS 0x0000000089900000, 0x0000000089900000| Complete 
| 122|0x0000000089a00000, 0x0000000089b00000, 0x0000000089b00000|100%| E|CS|TAMS 0x0000000089a00000, 0x0000000089a00000| Complete 
| 123|0x0000000089b00000, 0x0000000089c00000, 0x0000000089c00000|100%| E|CS|TAMS 0x0000000089b00000, 0x0000000089b00000| Complete 
| 124|0x0000000089c00000, 0x0000000089d00000, 0x0000000089d00000|100%| E|CS|TAMS 0x0000000089c00000, 0x0000000089c00000| Complete 
| 125|0x0000000089d00000, 0x0000000089d666d0, 0x0000000089e00000| 40%| S|CS|TAMS 0x0000000089d00000, 0x0000000089d00000| Complete 
| 126|0x0000000089e00000, 0x0000000089f00000, 0x0000000089f00000|100%| S|CS|TAMS 0x0000000089e00000, 0x0000000089e00000| Complete 
| 127|0x0000000089f00000, 0x000000008a000000, 0x000000008a000000|100%| S|CS|TAMS 0x0000000089f00000, 0x0000000089f00000| Complete 
| 128|0x000000008a000000, 0x000000008a100000, 0x000000008a100000|100%| S|CS|TAMS 0x000000008a000000, 0x000000008a000000| Complete 
| 129|0x000000008a100000, 0x000000008a200000, 0x000000008a200000|100%| S|CS|TAMS 0x000000008a100000, 0x000000008a100000| Complete 
| 130|0x000000008a200000, 0x000000008a300000, 0x000000008a300000|100%| S|CS|TAMS 0x000000008a200000, 0x000000008a200000| Complete 
| 131|0x000000008a300000, 0x000000008a400000, 0x000000008a400000|100%| S|CS|TAMS 0x000000008a300000, 0x000000008a300000| Complete 
| 132|0x000000008a400000, 0x000000008a500000, 0x000000008a500000|100%| E|CS|TAMS 0x000000008a400000, 0x000000008a400000| Complete 
| 133|0x000000008a500000, 0x000000008a600000, 0x000000008a600000|100%| E|CS|TAMS 0x000000008a500000, 0x000000008a500000| Complete 
| 134|0x000000008a600000, 0x000000008a700000, 0x000000008a700000|100%| E|CS|TAMS 0x000000008a600000, 0x000000008a600000| Complete 
| 135|0x000000008a700000, 0x000000008a800000, 0x000000008a800000|100%| E|CS|TAMS 0x000000008a700000, 0x000000008a700000| Complete 
| 136|0x000000008a800000, 0x000000008a900000, 0x000000008a900000|100%| E|CS|TAMS 0x000000008a800000, 0x000000008a800000| Complete 
| 137|0x000000008a900000, 0x000000008aa00000, 0x000000008aa00000|100%| E|CS|TAMS 0x000000008a900000, 0x000000008a900000| Complete 
| 138|0x000000008aa00000, 0x000000008ab00000, 0x000000008ab00000|100%| E|CS|TAMS 0x000000008aa00000, 0x000000008aa00000| Complete 
| 139|0x000000008ab00000, 0x000000008ac00000, 0x000000008ac00000|100%| E|CS|TAMS 0x000000008ab00000, 0x000000008ab00000| Complete 
| 140|0x000000008ac00000, 0x000000008ad00000, 0x000000008ad00000|100%| E|CS|TAMS 0x000000008ac00000, 0x000000008ac00000| Complete 
| 141|0x000000008ad00000, 0x000000008ae00000, 0x000000008ae00000|100%| E|CS|TAMS 0x000000008ad00000, 0x000000008ad00000| Complete 
| 142|0x000000008ae00000, 0x000000008af00000, 0x000000008af00000|100%| E|CS|TAMS 0x000000008ae00000, 0x000000008ae00000| Complete 
| 143|0x000000008af00000, 0x000000008b000000, 0x000000008b000000|100%| E|CS|TAMS 0x000000008af00000, 0x000000008af00000| Complete 
| 144|0x000000008b000000, 0x000000008b100000, 0x000000008b100000|100%| E|CS|TAMS 0x000000008b000000, 0x000000008b000000| Complete 
| 145|0x000000008b100000, 0x000000008b200000, 0x000000008b200000|100%| E|CS|TAMS 0x000000008b100000, 0x000000008b100000| Complete 
| 146|0x000000008b200000, 0x000000008b300000, 0x000000008b300000|100%| E|CS|TAMS 0x000000008b200000, 0x000000008b200000| Complete 
| 147|0x000000008b300000, 0x000000008b400000, 0x000000008b400000|100%| E|CS|TAMS 0x000000008b300000, 0x000000008b300000| Complete 
| 148|0x000000008b400000, 0x000000008b500000, 0x000000008b500000|100%| E|CS|TAMS 0x000000008b400000, 0x000000008b400000| Complete 
| 149|0x000000008b500000, 0x000000008b600000, 0x000000008b600000|100%| E|CS|TAMS 0x000000008b500000, 0x000000008b500000| Complete 
| 150|0x000000008b600000, 0x000000008b700000, 0x000000008b700000|100%| E|CS|TAMS 0x000000008b600000, 0x000000008b600000| Complete 
| 151|0x000000008b700000, 0x000000008b800000, 0x000000008b800000|100%| E|CS|TAMS 0x000000008b700000, 0x000000008b700000| Complete 

Card table byte_map: [0x0000013f73a20000,0x0000013f73e10000] _byte_map_base: 0x0000013f73610000

Marking Bits (Prev, Next): (CMBitMap*) 0x0000013f5bebea18, (CMBitMap*) 0x0000013f5bebea50
 Prev Bits: [0x0000013f74200000, 0x0000013f76180000)
 Next Bits: [0x0000013f76180000, 0x0000013f78100000)

Polling page: 0x0000013f59de0000

Metaspace:

Usage:
  Non-class:     43.13 MB capacity,    42.44 MB ( 98%) used,   568.65 KB (  1%) free+waste,   146.88 KB ( <1%) overhead. 
      Class:      6.37 MB capacity,     5.93 MB ( 93%) used,   380.18 KB (  6%) free+waste,    69.00 KB (  1%) overhead. 
       Both:     49.50 MB capacity,    48.37 MB ( 98%) used,   948.83 KB (  2%) free+waste,   215.88 KB ( <1%) overhead. 

Virtual space:
  Non-class space:       44.00 MB reserved,      43.25 MB ( 98%) committed 
      Class space:        1.00 GB reserved,       6.38 MB ( <1%) committed 
             Both:        1.04 GB reserved,      49.63 MB (  5%) committed 

Chunk freelists:
   Non-Class:  6.75 KB
       Class:  768 bytes
        Both:  7.50 KB

CodeHeap 'non-profiled nmethods': size=120000Kb used=2065Kb max_used=2065Kb free=117934Kb
 bounds [0x0000013f6bdd0000, 0x0000013f6c040000, 0x0000013f73300000]
CodeHeap 'profiled nmethods': size=120000Kb used=7791Kb max_used=7791Kb free=112209Kb
 bounds [0x0000013f648a0000, 0x0000013f65050000, 0x0000013f6bdd0000]
CodeHeap 'non-nmethods': size=5760Kb used=1194Kb max_used=1244Kb free=4565Kb
 bounds [0x0000013f64300000, 0x0000013f64570000, 0x0000013f648a0000]
 total_blobs=3932 nmethods=3386 adapters=457
 compilation: enabled
              stopped_count=0, restarted_count=0
 full_count=0

Compilation events (10 events):
Event: 4.568 Thread 0x0000013f7ab6c800 nmethod 3646 0x0000013f6503df10 code [0x0000013f6503e0c0, 0x0000013f6503e250]
Event: 4.568 Thread 0x0000013f7ab6c800 3647       3       org.apache.logging.slf4j.SLF4JLogger::isEnabledFor (118 bytes)
Event: 4.569 Thread 0x0000013f7ab6c800 nmethod 3647 0x0000013f6503e310 code [0x0000013f6503e560, 0x0000013f6503ebb0]
Event: 4.569 Thread 0x0000013f7ab6c800 3648       3       org.jboss.logging.Log4j2Logger::isEnabled (12 bytes)
Event: 4.569 Thread 0x0000013f7ab6c800 nmethod 3648 0x0000013f6503ee90 code [0x0000013f6503f080, 0x0000013f6503f500]
Event: 4.570 Thread 0x0000013f7ab6c800 3649       3       java.util.stream.AbstractPipeline::spliterator (116 bytes)
Event: 4.570 Thread 0x0000013f7ab6c800 nmethod 3649 0x0000013f6503f690 code [0x0000013f6503f8e0, 0x0000013f65040380]
Event: 4.602 Thread 0x0000013f7ab6c800 3654       3       java.util.Collections$UnmodifiableMap$UnmodifiableEntrySet$UnmodifiableEntry::getKey (10 bytes)
Event: 4.602 Thread 0x0000013f7ab6c800 nmethod 3654 0x0000013f65040690 code [0x0000013f65040840, 0x0000013f65040a70]
Event: 4.612 Thread 0x0000013f7ab6c800 3655       3       java.lang.CompoundEnumeration::next (58 bytes)

GC Heap History (10 events):
Event: 1.250 GC heap before
{Heap before GC invocations=1 (full 0):
 garbage-first heap   total 129024K, used 40408K [0x0000000082000000, 0x0000000100000000)
  region size 1024K, 37 young (37888K), 3 survivors (3072K)
 Metaspace       used 20701K, capacity 21111K, committed 21248K, reserved 1069056K
  class space    used 2260K, capacity 2439K, committed 2560K, reserved 1048576K
}
Event: 1.257 GC heap after
{Heap after GC invocations=2 (full 0):
 garbage-first heap   total 129024K, used 8080K [0x0000000082000000, 0x0000000100000000)
  region size 1024K, 5 young (5120K), 5 survivors (5120K)
 Metaspace       used 20701K, capacity 21111K, committed 21248K, reserved 1069056K
  class space    used 2260K, capacity 2439K, committed 2560K, reserved 1048576K
}
Event: 1.438 GC heap before
{Heap before GC invocations=3 (full 0):
 garbage-first heap   total 129024K, used 41872K [0x0000000082000000, 0x0000000100000000)
  region size 1024K, 39 young (39936K), 5 survivors (5120K)
 Metaspace       used 23717K, capacity 24254K, committed 24448K, reserved 1071104K
  class space    used 2675K, capacity 2891K, committed 2944K, reserved 1048576K
}
Event: 1.444 GC heap after
{Heap after GC invocations=4 (full 0):
 garbage-first heap   total 129024K, used 9076K [0x0000000082000000, 0x0000000100000000)
  region size 1024K, 3 young (3072K), 3 survivors (3072K)
 Metaspace       used 23717K, capacity 24254K, committed 24448K, reserved 1071104K
  class space    used 2675K, capacity 2891K, committed 2944K, reserved 1048576K
}
Event: 1.949 GC heap before
{Heap before GC invocations=4 (full 0):
 garbage-first heap   total 129024K, used 60276K [0x0000000082000000, 0x0000000100000000)
  region size 1024K, 54 young (55296K), 3 survivors (3072K)
 Metaspace       used 26613K, capacity 27296K, committed 27392K, reserved 1073152K
  class space    used 2988K, capacity 3255K, committed 3328K, reserved 1048576K
}
Event: 1.955 GC heap after
{Heap after GC invocations=5 (full 0):
 garbage-first heap   total 129024K, used 10328K [0x0000000082000000, 0x0000000100000000)
  region size 1024K, 4 young (4096K), 4 survivors (4096K)
 Metaspace       used 26613K, capacity 27296K, committed 27392K, reserved 1073152K
  class space    used 2988K, capacity 3255K, committed 3328K, reserved 1048576K
}
Event: 3.239 GC heap before
{Heap before GC invocations=5 (full 0):
 garbage-first heap   total 129024K, used 78936K [0x0000000082000000, 0x0000000100000000)
  region size 1024K, 72 young (73728K), 4 survivors (4096K)
 Metaspace       used 34627K, capacity 35671K, committed 35712K, reserved 1081344K
  class space    used 4032K, capacity 4440K, committed 4480K, reserved 1048576K
}
Event: 3.250 GC heap after
{Heap after GC invocations=6 (full 0):
 garbage-first heap   total 155648K, used 13978K [0x0000000082000000, 0x0000000100000000)
  region size 1024K, 8 young (8192K), 8 survivors (8192K)
 Metaspace       used 34627K, capacity 35671K, committed 35712K, reserved 1081344K
  class space    used 4032K, capacity 4440K, committed 4480K, reserved 1048576K
}
Event: 3.304 GC heap before
{Heap before GC invocations=6 (full 0):
 garbage-first heap   total 155648K, used 32410K [0x0000000082000000, 0x0000000100000000)
  region size 1024K, 28 young (28672K), 8 survivors (8192K)
 Metaspace       used 34825K, capacity 35833K, committed 35840K, reserved 1081344K
  class space    used 4053K, capacity 4473K, committed 4480K, reserved 1048576K
}
Event: 3.314 GC heap after
{Heap after GC invocations=7 (full 0):
 garbage-first heap   total 155648K, used 14551K [0x0000000082000000, 0x0000000100000000)
  region size 1024K, 7 young (7168K), 7 survivors (7168K)
 Metaspace       used 34825K, capacity 35833K, committed 35840K, reserved 1081344K
  class space    used 4053K, capacity 4473K, committed 4480K, reserved 1048576K
}

Deoptimization events (10 events):
Event: 3.667 Thread 0x0000013f5be80000 Uncommon trap: reason=predicate action=maybe_recompile pc=0x0000013f6bdee4bc method=java.util.AbstractCollection.toArray([Ljava/lang/Object;)[Ljava/lang/Object; @ 43 c2
Event: 3.672 Thread 0x0000013f5be80000 Uncommon trap: reason=profile_predicate action=maybe_recompile pc=0x0000013f6be21834 method=java.lang.PublicMethods$MethodList.filter([Ljava/lang/reflect/Method;Ljava/lang/String;[Ljava/lang/Class;Z)Ljava/lang/PublicMethods$MethodList; @ 21 c2
Event: 3.672 Thread 0x0000013f5be80000 Uncommon trap: reason=profile_predicate action=maybe_recompile pc=0x0000013f6be21834 method=java.lang.PublicMethods$MethodList.filter([Ljava/lang/reflect/Method;Ljava/lang/String;[Ljava/lang/Class;Z)Ljava/lang/PublicMethods$MethodList; @ 21 c2
Event: 3.672 Thread 0x0000013f5be80000 Uncommon trap: reason=profile_predicate action=maybe_recompile pc=0x0000013f6be21834 method=java.lang.PublicMethods$MethodList.filter([Ljava/lang/reflect/Method;Ljava/lang/String;[Ljava/lang/Class;Z)Ljava/lang/PublicMethods$MethodList; @ 21 c2
Event: 3.672 Thread 0x0000013f5be80000 Uncommon trap: reason=profile_predicate action=maybe_recompile pc=0x0000013f6be21834 method=java.lang.PublicMethods$MethodList.filter([Ljava/lang/reflect/Method;Ljava/lang/String;[Ljava/lang/Class;Z)Ljava/lang/PublicMethods$MethodList; @ 21 c2
Event: 3.874 Thread 0x0000013f5be80000 Uncommon trap: reason=null_check action=make_not_entrant pc=0x0000013f6bef38c8 method=org.springframework.beans.factory.support.DefaultListableBeanFactory.getBeanDefinition(Ljava/lang/String;)Lorg/springframework/beans/factory/config/BeanDefinition; @ 10 
Event: 3.890 Thread 0x0000013f5be80000 Uncommon trap: reason=unstable_if action=reinterpret pc=0x0000013f6bf7bb7c method=java.net.URL.<init>(Ljava/net/URL;Ljava/lang/String;Ljava/net/URLStreamHandler;)V @ 57 c2
Event: 3.890 Thread 0x0000013f5be80000 Uncommon trap: reason=unstable_if action=reinterpret pc=0x0000013f6bf72788 method=java.net.URLStreamHandler.parseURL(Ljava/net/URL;Ljava/lang/String;II)V @ 57 c2
Event: 4.573 Thread 0x0000013f5be80000 Uncommon trap: reason=unstable_if action=reinterpret pc=0x0000013f6bef8af4 method=org.springframework.beans.factory.support.AbstractAutowireCapableBeanFactory.determineTargetType(Ljava/lang/String;Lorg/springframework/beans/factory/support/RootBeanDefinit
Event: 4.576 Thread 0x0000013f5be80000 Uncommon trap: reason=speculate_class_check action=maybe_recompile pc=0x0000013f6bf9bb30 method=java.lang.reflect.Executable.declaredAnnotations()Ljava/util/Map; @ 23 c2

Classes redefined (0 events):
No events

Internal exceptions (10 events):
Event: 2.615 Thread 0x0000013f5be80000 Exception <a 'java/lang/IncompatibleClassChangeError'{0x0000000087edeff8}: Found class java.lang.Object, but interface was expected> (0x0000000087edeff8) thrown at [./open/src/hotspot/share/interpreter/linkResolver.cpp, line 838]
Event: 2.615 Thread 0x0000013f5be80000 Exception <a 'java/lang/NoSuchMethodError'{0x0000000087ee3e98}: java.lang.invoke.DirectMethodHandle$Holder.invokeStatic(Ljava/lang/Object;ILjava/lang/Object;)V> (0x0000000087ee3e98) thrown at [./open/src/hotspot/share/interpreter/linkResolver.cpp, line 77
Event: 2.723 Thread 0x0000013f5be80000 Exception <a 'java/lang/NoSuchMethodError'{0x00000000879a0508}: java.lang.invoke.DirectMethodHandle$Holder.invokeStaticInit(Ljava/lang/Object;IIII)Ljava/lang/Object;> (0x00000000879a0508) thrown at [./open/src/hotspot/share/interpreter/linkResolver.cpp, l
Event: 3.046 Thread 0x0000013f5be80000 Exception <a 'java/lang/NoSuchMethodError'{0x00000000879ce038}: java.lang.invoke.DirectMethodHandle$Holder.invokeStaticInit(Ljava/lang/Object;Ljava/lang/Object;IIII)Ljava/lang/Object;> (0x00000000879ce038) thrown at [./open/src/hotspot/share/interpreter/l
Event: 3.205 Thread 0x0000013f5be80000 Implicit null exception at 0x0000013f6beacabc to 0x0000013f6beaffda
Event: 3.327 Thread 0x0000013f5be80000 Exception <a 'java/io/FileNotFoundException'{0x000000008b719700}> (0x000000008b719700) thrown at [./open/src/hotspot/share/prims/jni.cpp, line 611]
Event: 3.356 Thread 0x0000013f5be80000 Exception <a 'java/lang/NoSuchMethodError'{0x000000008b5f27c0}: java.lang.invoke.DirectMethodHandle$Holder.invokeInterface(Ljava/lang/Object;Ljava/lang/Object;Ljava/lang/Object;Ljava/lang/Object;)I> (0x000000008b5f27c0) thrown at [./open/src/hotspot/share
Event: 3.666 Thread 0x0000013f5be80000 Exception <a 'java/lang/NoSuchMethodError'{0x000000008982d540}: java.lang.invoke.DirectMethodHandle$Holder.invokeStaticInit(Ljava/lang/Object;Ljava/lang/Object;Ljava/lang/Object;Ljava/lang/Object;)Ljava/lang/Object;> (0x000000008982d540) thrown at [./open
Event: 3.733 Thread 0x0000013f5be80000 Exception <a 'java/io/FileNotFoundException'{0x0000000089518c20}> (0x0000000089518c20) thrown at [./open/src/hotspot/share/prims/jni.cpp, line 611]
Event: 3.874 Thread 0x0000013f5be80000 Implicit null exception at 0x0000013f6bef366b to 0x0000013f6bef38ba

Events (10 events):
Event: 4.610 loading class org/hibernate/NullPrecedence
Event: 4.610 loading class org/hibernate/NullPrecedence done
Event: 4.610 loading class org/hibernate/boot/SchemaAutoTooling
Event: 4.610 loading class org/hibernate/boot/SchemaAutoTooling done
Event: 4.611 loading class org/hibernate/query/criteria/LiteralHandlingMode
Event: 4.611 loading class org/hibernate/query/criteria/LiteralHandlingMode done
Event: 4.612 loading class org/hibernate/query/ImmutableEntityUpdateQueryHandlingMode
Event: 4.612 loading class org/hibernate/query/ImmutableEntityUpdateQueryHandlingMode done
Event: 4.612 loading class org/hibernate/boot/spi/SessionFactoryBuilderFactory
Event: 4.612 loading class org/hibernate/boot/spi/SessionFactoryBuilderFactory done


Dynamic libraries:
0x00007ff6e49c0000 - 0x00007ff6e49cf000 	C:\Program Files\Java\jdk-11.0.9\bin\javaw.exe
0x00007ffeaeff0000 - 0x00007ffeaf1e5000 	C:\WINDOWS\SYSTEM32\ntdll.dll
0x00007ffeae740000 - 0x00007ffeae7fe000 	C:\WINDOWS\System32\KERNEL32.DLL
0x00007ffeac9b0000 - 0x00007ffeacc78000 	C:\WINDOWS\System32\KERNELBASE.dll
0x00007ffeac8b0000 - 0x00007ffeac9b0000 	C:\WINDOWS\System32\ucrtbase.dll
0x00007ffe8b7b0000 - 0x00007ffe8b7c5000 	C:\Program Files\Java\jdk-11.0.9\bin\VCRUNTIME140.dll
0x00007ffe85040000 - 0x00007ffe85058000 	C:\Program Files\Java\jdk-11.0.9\bin\jli.dll
0x00007ffead730000 - 0x00007ffead7dc000 	C:\WINDOWS\System32\ADVAPI32.dll
0x00007ffeae160000 - 0x00007ffeae1fe000 	C:\WINDOWS\System32\msvcrt.dll
0x00007ffeae0c0000 - 0x00007ffeae15b000 	C:\WINDOWS\System32\sechost.dll
0x00007ffeadf90000 - 0x00007ffeae0ba000 	C:\WINDOWS\System32\RPCRT4.dll
0x00007ffeae590000 - 0x00007ffeae731000 	C:\WINDOWS\System32\USER32.dll
0x00007ffe9baa0000 - 0x00007ffe9bd3a000 	C:\WINDOWS\WinSxS\amd64_microsoft.windows.common-controls_6595b64144ccf1df_6.0.19041.1110_none_60b5254171f9507e\COMCTL32.dll
0x00007ffeac7e0000 - 0x00007ffeac802000 	C:\WINDOWS\System32\win32u.dll
0x00007ffeae500000 - 0x00007ffeae52b000 	C:\WINDOWS\System32\GDI32.dll
0x00007ffeacf20000 - 0x00007ffead02d000 	C:\WINDOWS\System32\gdi32full.dll
0x00007ffeac810000 - 0x00007ffeac8ad000 	C:\WINDOWS\System32\msvcp_win.dll
0x00007ffea5a10000 - 0x00007ffea5a1a000 	C:\WINDOWS\SYSTEM32\VERSION.dll
0x00007ffead030000 - 0x00007ffead060000 	C:\WINDOWS\System32\IMM32.DLL
0x00007ffe57ad0000 - 0x00007ffe57b6b000 	C:\Program Files\Java\jdk-11.0.9\bin\msvcp140.dll
0x00007ffe53b90000 - 0x00007ffe54687000 	C:\Program Files\Java\jdk-11.0.9\bin\server\jvm.dll
0x00007ffeaece0000 - 0x00007ffeaece8000 	C:\WINDOWS\System32\PSAPI.DLL
0x00007ffeaae70000 - 0x00007ffeaae79000 	C:\WINDOWS\SYSTEM32\WSOCK32.dll
0x00007ffea16a0000 - 0x00007ffea16c7000 	C:\WINDOWS\SYSTEM32\WINMM.dll
0x00007ffeaecf0000 - 0x00007ffeaed5b000 	C:\WINDOWS\System32\WS2_32.dll
0x00007ffeaafd0000 - 0x00007ffeaafe2000 	C:\WINDOWS\SYSTEM32\kernel.appcore.dll
0x00007ffea72a0000 - 0x00007ffea72b0000 	C:\Program Files\Java\jdk-11.0.9\bin\verify.dll
0x00007ffeaa4b0000 - 0x00007ffeaa694000 	C:\WINDOWS\SYSTEM32\DBGHELP.DLL
0x00007ffe96710000 - 0x00007ffe9673c000 	C:\WINDOWS\SYSTEM32\dbgcore.DLL
0x00007ffeacde0000 - 0x00007ffeace62000 	C:\WINDOWS\System32\bcryptPrimitives.dll
0x00007ffe78b30000 - 0x00007ffe78b58000 	C:\Program Files\Java\jdk-11.0.9\bin\java.dll
0x00007ffe96820000 - 0x00007ffe9682a000 	C:\Program Files\Java\jdk-11.0.9\bin\jimage.dll
0x00007ffe843e0000 - 0x00007ffe843f6000 	C:\Program Files\Java\jdk-11.0.9\bin\zip.dll
0x00007ffead840000 - 0x00007ffeadf84000 	C:\WINDOWS\System32\SHELL32.dll
0x00007ffeaa6a0000 - 0x00007ffeaae34000 	C:\WINDOWS\SYSTEM32\windows.storage.dll
0x00007ffead220000 - 0x00007ffead575000 	C:\WINDOWS\System32\combase.dll
0x00007ffeac150000 - 0x00007ffeac17e000 	C:\WINDOWS\SYSTEM32\Wldp.dll
0x00007ffeaed70000 - 0x00007ffeaee1d000 	C:\WINDOWS\System32\SHCORE.dll
0x00007ffeaeed0000 - 0x00007ffeaef25000 	C:\WINDOWS\System32\shlwapi.dll
0x00007ffeac640000 - 0x00007ffeac65f000 	C:\WINDOWS\SYSTEM32\profapi.dll
0x00007ffe78b10000 - 0x00007ffe78b29000 	C:\Program Files\Java\jdk-11.0.9\bin\net.dll
0x00007ffea35d0000 - 0x00007ffea36dc000 	C:\WINDOWS\SYSTEM32\WINHTTP.dll
0x00007ffeabeb0000 - 0x00007ffeabf1a000 	C:\WINDOWS\system32\mswsock.dll
0x00007ffe78350000 - 0x00007ffe78362000 	C:\Program Files\Java\jdk-11.0.9\bin\nio.dll
0x00007ffe8f860000 - 0x00007ffe8f869000 	C:\Program Files\Java\jdk-11.0.9\bin\management.dll
0x00007ffe8f240000 - 0x00007ffe8f24b000 	C:\Program Files\Java\jdk-11.0.9\bin\management_ext.dll
0x00007ffe8ba70000 - 0x00007ffe8ba87000 	C:\WINDOWS\system32\napinsp.dll
0x00007ffe8ba50000 - 0x00007ffe8ba6b000 	C:\WINDOWS\system32\pnrpnsp.dll
0x00007ffe8b210000 - 0x00007ffe8b225000 	C:\WINDOWS\system32\wshbth.dll
0x00007ffea78e0000 - 0x00007ffea78fd000 	C:\WINDOWS\system32\NLAapi.dll
0x00007ffeabb50000 - 0x00007ffeabb8b000 	C:\WINDOWS\SYSTEM32\IPHLPAPI.DLL
0x00007ffeabba0000 - 0x00007ffeabc6b000 	C:\WINDOWS\SYSTEM32\DNSAPI.dll
0x00007ffeaed60000 - 0x00007ffeaed68000 	C:\WINDOWS\System32\NSI.dll
0x00007ffe8b1f0000 - 0x00007ffe8b202000 	C:\WINDOWS\System32\winrnr.dll
0x00007ffea3710000 - 0x00007ffea371a000 	C:\Windows\System32\rasadhlp.dll
0x00007ffea1f50000 - 0x00007ffea1fcf000 	C:\WINDOWS\System32\fwpuclnt.dll
0x00007ffeac760000 - 0x00007ffeac787000 	C:\WINDOWS\System32\bcrypt.dll
0x00007ffeac0b0000 - 0x00007ffeac0c8000 	C:\WINDOWS\SYSTEM32\CRYPTSP.dll
0x00007ffeab7c0000 - 0x00007ffeab7f4000 	C:\WINDOWS\system32\rsaenh.dll
0x00007ffeac600000 - 0x00007ffeac62e000 	C:\WINDOWS\SYSTEM32\USERENV.dll
0x00007ffeac0a0000 - 0x00007ffeac0ac000 	C:\WINDOWS\SYSTEM32\CRYPTBASE.dll
0x00007ffea4f20000 - 0x00007ffea4f37000 	C:\WINDOWS\SYSTEM32\dhcpcsvc6.DLL
0x00007ffea4cf0000 - 0x00007ffea4d0d000 	C:\WINDOWS\SYSTEM32\dhcpcsvc.DLL

dbghelp: loaded successfully - version: 4.0.5 - missing functions: none
symbol engine: initialized successfully - sym options: 0x614 - pdb path: .;C:\Program Files\Java\jdk-11.0.9\bin;C:\WINDOWS\SYSTEM32;C:\WINDOWS\WinSxS\amd64_microsoft.windows.common-controls_6595b64144ccf1df_6.0.19041.1110_none_60b5254171f9507e;C:\Program Files\Java\jdk-11.0.9\bin\server

VM Arguments:
jvm_args: -Dfile.encoding=UTF-8 
java_command: com.example.QuestionTwo.QuestionTwoApplication
java_class_path (initial): D:\eclipse-workspace\QuestionTwo\target\classes;C:\Users\ASUS\.m2\repository\org\springframework\boot\spring-boot-starter\2.6.2\spring-boot-starter-2.6.2.jar;C:\Users\ASUS\.m2\repository\org\springframework\boot\spring-boot\2.6.2\spring-boot-2.6.2.jar;C:\Users\ASUS\.m2\repository\org\springframework\boot\spring-boot-autoconfigure\2.6.2\spring-boot-autoconfigure-2.6.2.jar;C:\Users\ASUS\.m2\repository\org\springframework\boot\spring-boot-starter-logging\2.6.2\spring-boot-starter-logging-2.6.2.jar;C:\Users\ASUS\.m2\repository\ch\qos\logback\logback-classic\1.2.9\logback-classic-1.2.9.jar;C:\Users\ASUS\.m2\repository\ch\qos\logback\logback-core\1.2.9\logback-core-1.2.9.jar;C:\Users\ASUS\.m2\repository\org\apache\logging\log4j\log4j-to-slf4j\2.17.0\log4j-to-slf4j-2.17.0.jar;C:\Users\ASUS\.m2\repository\org\apache\logging\log4j\log4j-api\2.17.0\log4j-api-2.17.0.jar;C:\Users\ASUS\.m2\repository\org\slf4j\jul-to-slf4j\1.7.32\jul-to-slf4j-1.7.32.jar;C:\Users\ASUS\.m2\repository\jakarta\annotation\jakarta.annotation-api\1.3.5\jakarta.annotation-api-1.3.5.jar;C:\Users\ASUS\.m2\repository\org\springframework\spring-core\5.3.14\spring-core-5.3.14.jar;C:\Users\ASUS\.m2\repository\org\springframework\spring-jcl\5.3.14\spring-jcl-5.3.14.jar;C:\Users\ASUS\.m2\repository\org\yaml\snakeyaml\1.29\snakeyaml-1.29.jar;C:\Users\ASUS\.m2\repository\jakarta\xml\bind\jakarta.xml.bind-api\2.3.3\jakarta.xml.bind-api-2.3.3.jar;C:\Users\ASUS\.m2\repository\jakarta\activation\jakarta.activation-api\1.2.2\jakarta.activation-api-1.2.2.jar;C:\Users\ASUS\.m2\repository\net\bytebuddy\byte-buddy\1.11.22\byte-buddy-1.11.22.jar;C:\Users\ASUS\.m2\repository\org\springframework\boot\spring-boot-starter-data-jpa\2.6.2\spring-boot-starter-data-jpa-2.6.2.jar;C:\Users\ASUS\.m2\repository\org\springframework\boot\spring-boot-starter-aop\2.6.2\spring-boot-starter-aop-2.6.2.jar;C:\Users\ASUS\.m2\repository\org\springframework\spring-aop\5.3.14\spring-aop-5.3.14.jar;C:\Users\ASUS\.m2\re
Launcher Type: SUN_STANDARD

[Global flags]
     intx CICompilerCount                          = 4                                         {product} {ergonomic}
     uint ConcGCThreads                            = 2                                         {product} {ergonomic}
     uint G1ConcRefinementThreads                  = 8                                         {product} {ergonomic}
   size_t G1HeapRegionSize                         = 1048576                                   {product} {ergonomic}
    uintx GCDrainStackTargetSize                   = 64                                        {product} {ergonomic}
   size_t InitialHeapSize                          = 132120576                                 {product} {ergonomic}
   size_t MarkStackSize                            = 4194304                                   {product} {ergonomic}
   size_t MaxHeapSize                              = 2113929216                                {product} {ergonomic}
   size_t MaxNewSize                               = 1267728384                                {product} {ergonomic}
   size_t MinHeapDeltaBytes                        = 1048576                                   {product} {ergonomic}
    uintx NonNMethodCodeHeapSize                   = 5836300                                {pd product} {ergonomic}
    uintx NonProfiledCodeHeapSize                  = 122910970                              {pd product} {ergonomic}
    uintx ProfiledCodeHeapSize                     = 122910970                              {pd product} {ergonomic}
    uintx ReservedCodeCacheSize                    = 251658240                              {pd product} {ergonomic}
     bool SegmentedCodeCache                       = true                                      {product} {ergonomic}
     bool UseCompressedClassPointers               = true                                 {lp64_product} {ergonomic}
     bool UseCompressedOops                        = true                                 {lp64_product} {ergonomic}
     bool UseG1GC                                  = true                                      {product} {ergonomic}
     bool UseLargePagesIndividualAllocation        = false                                  {pd product} {ergonomic}

Logging:
Log output configuration:
 #0: stdout all=warning uptime,level,tags
 #1: stderr all=off uptime,level,tags

Environment Variables:
JAVA_HOME=C:\Program Files\Java\jdk1.8.0_161
PATH=C:\Program Files\Java\jdk1.8.0_161;C:\Program Files\Git\cmd;C:\ProgramData\Oracle\Java\javapath;C:\Program Files (x86)\Intel\iCLS Client\;C:\Program Files\Intel\iCLS Client\;C:\Windows\system32;C:\Windows;C:\Windows\System32\Wbem;C:\Windows\System32\WindowsPowerShell\v1.0\;C:\Program Files (x86)\Intel\Intel(R) Management Engine Components\DAL;C:\Program Files\Intel\Intel(R) Management Engine Components\DAL;C:\Program Files (x86)\Intel\Intel(R) Management Engine Components\IPT;C:\Program Files\Intel\Intel(R) Management Engine Components\IPT;C:\Program Files (x86)\NVIDIA Corporation\PhysX\Common;C:\WINDOWS\system32;C:\WINDOWS;C:\WINDOWS\System32\Wbem;C:\WINDOWS\System32\WindowsPowerShell\v1.0\;C:\Program Files (x86)\Skype\Phone\;C:\Program Files\nodejs;C:\WINDOWS\system32;C:\WINDOWS;C:\WINDOWS\System32\Wbem;C:\WINDOWS\System32\WindowsPowerShell\v1.0\;C:\WINDOWS\System32\OpenSSH\;C:\Program Files\Amazon\AWSCLI\bin\;C:\Users\ASUS\Anaconda3\pkgs\python-3.6.9-h5500b2f_0;C:\Users\ASUS\AppData\Local\Android\Sdk\platform-tools\adb;C:\Users\ASUS\AppData\Local\Android\Sdk\platform-tools;C:\Users\ASUS\AppData\Roaming\npm;C:\gradle-6.1.1\bin;C:\Program Files\PuTTY\;C:\Program Files\nodejs\;C:\Program Files\Java\jdk1.8.0_161\bin;C:\Users\ASUS\Anaconda3;C:\Users\ASUS\Anaconda3\Scripts;C:\Users\ASUS\Anaconda3\Library\bin;C:\Users\ASUS\AppData\Local\Programs\Microsoft VS Code\bin;C:\Users\ASUS\AppData\Local\Microsoft\WindowsApps;C:\Program Files\Java\jdk1.8.0_161;C:\Users\ASUS\AppData\Roaming\npm;
USERNAME=ASUS
OS=Windows_NT
PROCESSOR_IDENTIFIER=Intel64 Family 6 Model 94 Stepping 3, GenuineIntel



---------------  S Y S T E M  ---------------

OS: Windows 10 , 64 bit Build 19041 (10.0.19041.1348)

CPU:total 8 (initial active 8) (4 cores per cpu, 2 threads per core) family 6 model 94 stepping 3, cmov, cx8, fxsr, mmx, sse, sse2, sse3, ssse3, sse4.1, sse4.2, popcnt, avx, avx2, aes, clmul, erms, rtm, 3dnowpref, lzcnt, ht, tsc, tscinvbit, bmi1, bmi2, adx, fma

Memory: 4k page, system-wide physical 8060M (575M free)
TotalPageFile size 13551M (AvailPageFile size 5M)
current process WorkingSet (physical memory assigned to process): 322M, peak: 329M
current process commit charge ("private bytes"): 407M, peak: 412M

vm_info: Java HotSpot(TM) 64-Bit Server VM (11.0.9+7-LTS) for windows-amd64 JRE (11.0.9+7-LTS), built on Sep 15 2020 16:47:03 by "mach5one" with MS VC++ 15.9 (VS2017)

END.
